2015-12-28T13:54:40.563-0800 I CONTROL  [initandlisten] MongoDB starting : pid=15665 port=27017 dbpath=/data/db 64-bit host=lucien-Aspire-S7-392
2015-12-28T13:54:40.563-0800 I CONTROL  [initandlisten] db version v3.2.0
2015-12-28T13:54:40.563-0800 I CONTROL  [initandlisten] git version: 45d947729a0315accb6d4f15a6b06be6d9c19fe7
2015-12-28T13:54:40.563-0800 I CONTROL  [initandlisten] OpenSSL version: OpenSSL 1.0.1f 6 Jan 2014
2015-12-28T13:54:40.563-0800 I CONTROL  [initandlisten] allocator: tcmalloc
2015-12-28T13:54:40.563-0800 I CONTROL  [initandlisten] modules: none
2015-12-28T13:54:40.563-0800 I CONTROL  [initandlisten] build environment:
2015-12-28T13:54:40.563-0800 I CONTROL  [initandlisten]     distmod: debian71
2015-12-28T13:54:40.563-0800 I CONTROL  [initandlisten]     distarch: x86_64
2015-12-28T13:54:40.563-0800 I CONTROL  [initandlisten]     target_arch: x86_64
2015-12-28T13:54:40.564-0800 I CONTROL  [initandlisten] options: {}
2015-12-28T13:54:40.608-0800 I -        [initandlisten] Detected data files in /data/db created by the 'mmapv1' storage engine, so setting the active storage engine to 'mmapv1'.
2015-12-28T13:54:40.633-0800 I JOURNAL  [initandlisten] journal dir=/data/db/journal
2015-12-28T13:54:40.633-0800 I JOURNAL  [initandlisten] recover : no journal files present, no recovery needed
2015-12-28T13:54:40.643-0800 I JOURNAL  [durability] Durability thread started
2015-12-28T13:54:40.643-0800 I JOURNAL  [journal writer] Journal writer thread started
2015-12-28T13:54:40.650-0800 I CONTROL  [initandlisten] 
2015-12-28T13:54:40.650-0800 I CONTROL  [initandlisten] ** WARNING: /sys/kernel/mm/transparent_hugepage/enabled is 'always'.
2015-12-28T13:54:40.650-0800 I CONTROL  [initandlisten] **        We suggest setting it to 'never'
2015-12-28T13:54:40.650-0800 I CONTROL  [initandlisten] 
2015-12-28T13:54:40.650-0800 I CONTROL  [initandlisten] ** WARNING: /sys/kernel/mm/transparent_hugepage/defrag is 'always'.
2015-12-28T13:54:40.650-0800 I CONTROL  [initandlisten] **        We suggest setting it to 'never'
2015-12-28T13:54:40.650-0800 I CONTROL  [initandlisten] 
2015-12-28T13:54:40.665-0800 I FTDC     [initandlisten] Initializing full-time diagnostic data capture with directory '/data/db/diagnostic.data'
2015-12-28T13:54:40.665-0800 I NETWORK  [HostnameCanonicalizationWorker] Starting hostname canonicalization worker
2015-12-28T13:54:40.665-0800 I NETWORK  [initandlisten] waiting for connections on port 27017
2015-12-28T13:54:52.596-0800 I CONTROL  [signalProcessingThread] got signal 2 (Interrupt), will terminate after current cmd ends
2015-12-28T13:54:52.596-0800 I FTDC     [signalProcessingThread] Shutting down full-time diagnostic data capture
2015-12-28T13:54:52.597-0800 I CONTROL  [signalProcessingThread] now exiting
2015-12-28T13:54:52.597-0800 I NETWORK  [signalProcessingThread] shutdown: going to close listening sockets...
2015-12-28T13:54:52.597-0800 I NETWORK  [signalProcessingThread] closing listening socket: 5
2015-12-28T13:54:52.597-0800 I NETWORK  [signalProcessingThread] closing listening socket: 6
2015-12-28T13:54:52.597-0800 I NETWORK  [signalProcessingThread] removing socket file: /tmp/mongodb-27017.sock
2015-12-28T13:54:52.597-0800 I NETWORK  [signalProcessingThread] shutdown: going to flush diaglog...
2015-12-28T13:54:52.597-0800 I NETWORK  [signalProcessingThread] shutdown: going to close sockets...
2015-12-28T13:54:52.597-0800 I STORAGE  [signalProcessingThread] shutdown: waiting for fs preallocator...
2015-12-28T13:54:52.597-0800 I STORAGE  [signalProcessingThread] shutdown: final commit...
2015-12-28T13:54:52.607-0800 I JOURNAL  [signalProcessingThread] journalCleanup...
2015-12-28T13:54:52.608-0800 I JOURNAL  [signalProcessingThread] removeJournalFiles
2015-12-28T13:54:52.613-0800 I JOURNAL  [signalProcessingThread] Terminating durability thread ...
2015-12-28T13:54:52.700-0800 I JOURNAL  [journal writer] Journal writer thread stopped
2015-12-28T13:54:52.700-0800 I JOURNAL  [durability] Durability thread stopped
2015-12-28T13:54:52.700-0800 I STORAGE  [signalProcessingThread] shutdown: closing all files...
2015-12-28T13:54:52.704-0800 I STORAGE  [signalProcessingThread] closeAllFiles() finished
2015-12-28T13:54:52.704-0800 I STORAGE  [signalProcessingThread] shutdown: removing fs lock...
2015-12-28T13:54:52.705-0800 I CONTROL  [signalProcessingThread] dbexit:  rc: 0
